<?xml version="1.0" encoding="UTF-8"?>
<testsuite name="worker.DatabaseAccess.LettuceTest" time="0.753" tests="19" errors="19" skipped="0" failures="0">
  <properties>
    <property name="java.runtime.name" value="Java(TM) SE Runtime Environment"/>
    <property name="java.vm.version" value="11.0.2+9-LTS"/>
    <property name="sun.boot.library.path" value="/usr/lib/jvm/java-11-oracle/lib"/>
    <property name="maven.multiModuleProjectDirectory" value="/home/jesseildo/LSDiDev/interscityWithCepHandler/cdpo-dev-env/interscityDevGitRep/codigo/cep-handler/cep-worker"/>
    <property name="java.vm.vendor" value="Oracle Corporation"/>
    <property name="java.vendor.url" value="http://java.oracle.com/"/>
    <property name="guice.disable.misplaced.annotation.check" value="true"/>
    <property name="path.separator" value=":"/>
    <property name="java.vm.name" value="Java HotSpot(TM) 64-Bit Server VM"/>
    <property name="sun.os.patch.level" value="unknown"/>
    <property name="user.country" value="BR"/>
    <property name="sun.java.launcher" value="SUN_STANDARD"/>
    <property name="java.vm.specification.name" value="Java Virtual Machine Specification"/>
    <property name="user.dir" value="/home/jesseildo/LSDiDev/interscityWithCepHandler/cdpo-dev-env/interscityDevGitRep/codigo/cep-handler/cep-worker"/>
    <property name="java.vm.compressedOopsMode" value="32-bit"/>
    <property name="java.runtime.version" value="11.0.2+9-LTS"/>
    <property name="java.awt.graphicsenv" value="sun.awt.X11GraphicsEnvironment"/>
    <property name="os.arch" value="amd64"/>
    <property name="java.io.tmpdir" value="/tmp"/>
    <property name="line.separator" value="&#10;"/>
    <property name="java.vm.specification.vendor" value="Oracle Corporation"/>
    <property name="os.name" value="Linux"/>
    <property name="classworlds.conf" value="/usr/share/maven/bin/m2.conf"/>
    <property name="sun.jnu.encoding" value="UTF-8"/>
    <property name="java.library.path" value="/usr/java/packages/lib:/usr/lib64:/lib64:/lib:/usr/lib"/>
    <property name="maven.conf" value="/usr/share/maven/conf"/>
    <property name="jdk.debug" value="release"/>
    <property name="java.class.version" value="55.0"/>
    <property name="java.specification.name" value="Java Platform API Specification"/>
    <property name="sun.management.compiler" value="HotSpot 64-Bit Tiered Compilers"/>
    <property name="os.version" value="4.15.0-20-generic"/>
    <property name="library.jansi.path" value="/usr/share/maven/lib/jansi-native"/>
    <property name="user.home" value="/home/jesseildo"/>
    <property name="user.timezone" value="America/Fortaleza"/>
    <property name="java.awt.printerjob" value="sun.print.PSPrinterJob"/>
    <property name="file.encoding" value="UTF-8"/>
    <property name="java.specification.version" value="11"/>
    <property name="user.name" value="jesseildo"/>
    <property name="java.class.path" value="/usr/share/maven/boot/plexus-classworlds-2.x.jar"/>
    <property name="java.vm.specification.version" value="11"/>
    <property name="sun.arch.data.model" value="64"/>
    <property name="sun.java.command" value="org.codehaus.plexus.classworlds.launcher.Launcher package"/>
    <property name="java.home" value="/usr/lib/jvm/java-11-oracle"/>
    <property name="user.language" value="pt"/>
    <property name="java.specification.vendor" value="Oracle Corporation"/>
    <property name="awt.toolkit" value="sun.awt.X11.XToolkit"/>
    <property name="java.vm.info" value="mixed mode"/>
    <property name="java.version" value="11.0.2"/>
    <property name="securerandom.source" value="file:/dev/./urandom"/>
    <property name="java.vendor" value="Oracle Corporation"/>
    <property name="maven.home" value="/usr/share/maven"/>
    <property name="file.separator" value="/"/>
    <property name="java.version.date" value="2019-01-15"/>
    <property name="java.vendor.url.bug" value="http://bugreport.java.com/bugreport/"/>
    <property name="sun.io.unicode.encoding" value="UnicodeLittle"/>
    <property name="sun.cpu.endian" value="little"/>
    <property name="java.vendor.version" value="18.9"/>
    <property name="sun.desktop" value="gnome"/>
    <property name="sun.cpu.isalist" value=""/>
  </properties>
  <testcase name="testEventTypeCurrentWorker" classname="worker.DatabaseAccess.LettuceTest" time="0.079">
    <error message="Can&apos;t start redis server. Check logs for details." type="java.lang.RuntimeException">java.lang.RuntimeException: Can't start redis server. Check logs for details.
	at redis.embedded.AbstractRedisInstance.awaitRedisServerReady(AbstractRedisInstance.java:61)
	at redis.embedded.AbstractRedisInstance.start(AbstractRedisInstance.java:39)
	at redis.embedded.RedisServer.start(RedisServer.java:9)
	at worker.DatabaseAccess.LettuceTest.testEventTypeCurrentWorker(LettuceTest.java:137)
</error>
  </testcase>
  <testcase name="testgetEventTypeInputs" classname="worker.DatabaseAccess.LettuceTest" time="0.053">
    <error message="Can&apos;t start redis server. Check logs for details." type="java.lang.RuntimeException">java.lang.RuntimeException: Can't start redis server. Check logs for details.
	at redis.embedded.AbstractRedisInstance.awaitRedisServerReady(AbstractRedisInstance.java:61)
	at redis.embedded.AbstractRedisInstance.start(AbstractRedisInstance.java:39)
	at redis.embedded.RedisServer.start(RedisServer.java:9)
	at worker.DatabaseAccess.LettuceTest.testgetEventTypeInputs(LettuceTest.java:156)
</error>
  </testcase>
  <testcase name="testeventTypeStateBuilded" classname="worker.DatabaseAccess.LettuceTest" time="0.052">
    <error message="Can&apos;t start redis server. Check logs for details." type="java.lang.RuntimeException">java.lang.RuntimeException: Can't start redis server. Check logs for details.
	at redis.embedded.AbstractRedisInstance.awaitRedisServerReady(AbstractRedisInstance.java:61)
	at redis.embedded.AbstractRedisInstance.start(AbstractRedisInstance.java:39)
	at redis.embedded.RedisServer.start(RedisServer.java:9)
	at worker.DatabaseAccess.LettuceTest.testeventTypeStateBuilded(LettuceTest.java:178)
</error>
  </testcase>
  <testcase name="testeventTypeStateBuildedAdd" classname="worker.DatabaseAccess.LettuceTest" time="0.048">
    <error message="Can&apos;t start redis server. Check logs for details." type="java.lang.RuntimeException">java.lang.RuntimeException: Can't start redis server. Check logs for details.
	at redis.embedded.AbstractRedisInstance.awaitRedisServerReady(AbstractRedisInstance.java:61)
	at redis.embedded.AbstractRedisInstance.start(AbstractRedisInstance.java:39)
	at redis.embedded.RedisServer.start(RedisServer.java:9)
	at worker.DatabaseAccess.LettuceTest.testeventTypeStateBuildedAdd(LettuceTest.java:200)
</error>
  </testcase>
  <testcase name="testeventTypeStateBuildedDel" classname="worker.DatabaseAccess.LettuceTest" time="0.042">
    <error message="Can&apos;t start redis server. Check logs for details." type="java.lang.RuntimeException">java.lang.RuntimeException: Can't start redis server. Check logs for details.
	at redis.embedded.AbstractRedisInstance.awaitRedisServerReady(AbstractRedisInstance.java:61)
	at redis.embedded.AbstractRedisInstance.start(AbstractRedisInstance.java:39)
	at redis.embedded.RedisServer.start(RedisServer.java:9)
	at worker.DatabaseAccess.LettuceTest.testeventTypeStateBuildedDel(LettuceTest.java:220)
</error>
  </testcase>
  <testcase name="testeventTypeAssigned" classname="worker.DatabaseAccess.LettuceTest" time="0.033">
    <error message="Can&apos;t start redis server. Check logs for details." type="java.lang.RuntimeException">java.lang.RuntimeException: Can't start redis server. Check logs for details.
	at redis.embedded.AbstractRedisInstance.awaitRedisServerReady(AbstractRedisInstance.java:61)
	at redis.embedded.AbstractRedisInstance.start(AbstractRedisInstance.java:39)
	at redis.embedded.RedisServer.start(RedisServer.java:9)
	at worker.DatabaseAccess.LettuceTest.testeventTypeAssigned(LettuceTest.java:241)
</error>
  </testcase>
  <testcase name="testgetUnnasignedEventTypes" classname="worker.DatabaseAccess.LettuceTest" time="0.041">
    <error message="Can&apos;t start redis server. Check logs for details." type="java.lang.RuntimeException">java.lang.RuntimeException: Can't start redis server. Check logs for details.
	at redis.embedded.AbstractRedisInstance.awaitRedisServerReady(AbstractRedisInstance.java:61)
	at redis.embedded.AbstractRedisInstance.start(AbstractRedisInstance.java:39)
	at redis.embedded.RedisServer.start(RedisServer.java:9)
	at worker.DatabaseAccess.LettuceTest.testgetUnnasignedEventTypes(LettuceTest.java:269)
</error>
  </testcase>
  <testcase name="testgetUnnasignedEventType" classname="worker.DatabaseAccess.LettuceTest" time="0.034">
    <error message="Can&apos;t start redis server. Check logs for details." type="java.lang.RuntimeException">java.lang.RuntimeException: Can't start redis server. Check logs for details.
	at redis.embedded.AbstractRedisInstance.awaitRedisServerReady(AbstractRedisInstance.java:61)
	at redis.embedded.AbstractRedisInstance.start(AbstractRedisInstance.java:39)
	at redis.embedded.RedisServer.start(RedisServer.java:9)
	at worker.DatabaseAccess.LettuceTest.testgetUnnasignedEventType(LettuceTest.java:294)
</error>
  </testcase>
  <testcase name="testhasEventTypeBeenPickedUpForRellocation" classname="worker.DatabaseAccess.LettuceTest" time="0.03">
    <error message="Can&apos;t start redis server. Check logs for details." type="java.lang.RuntimeException">java.lang.RuntimeException: Can't start redis server. Check logs for details.
	at redis.embedded.AbstractRedisInstance.awaitRedisServerReady(AbstractRedisInstance.java:61)
	at redis.embedded.AbstractRedisInstance.start(AbstractRedisInstance.java:39)
	at redis.embedded.RedisServer.start(RedisServer.java:9)
	at worker.DatabaseAccess.LettuceTest.testhasEventTypeBeenPickedUpForRellocation(LettuceTest.java:316)
</error>
  </testcase>
  <testcase name="testpushEventTypeForRellocation" classname="worker.DatabaseAccess.LettuceTest" time="0.029">
    <error message="Can&apos;t start redis server. Check logs for details." type="java.lang.RuntimeException">java.lang.RuntimeException: Can't start redis server. Check logs for details.
	at redis.embedded.AbstractRedisInstance.awaitRedisServerReady(AbstractRedisInstance.java:61)
	at redis.embedded.AbstractRedisInstance.start(AbstractRedisInstance.java:39)
	at redis.embedded.RedisServer.start(RedisServer.java:9)
	at worker.DatabaseAccess.LettuceTest.testpushEventTypeForRellocation(LettuceTest.java:338)
</error>
  </testcase>
  <testcase name="testgetEventTypeReceivingWorker" classname="worker.DatabaseAccess.LettuceTest" time="0.029">
    <error message="Can&apos;t start redis server. Check logs for details." type="java.lang.RuntimeException">java.lang.RuntimeException: Can't start redis server. Check logs for details.
	at redis.embedded.AbstractRedisInstance.awaitRedisServerReady(AbstractRedisInstance.java:61)
	at redis.embedded.AbstractRedisInstance.start(AbstractRedisInstance.java:39)
	at redis.embedded.RedisServer.start(RedisServer.java:9)
	at worker.DatabaseAccess.LettuceTest.testgetEventTypeReceivingWorker(LettuceTest.java:357)
</error>
  </testcase>
  <testcase name="testsetEventTypeReceveingWorker" classname="worker.DatabaseAccess.LettuceTest" time="0.031">
    <error message="Can&apos;t start redis server. Check logs for details." type="java.lang.RuntimeException">java.lang.RuntimeException: Can't start redis server. Check logs for details.
	at redis.embedded.AbstractRedisInstance.awaitRedisServerReady(AbstractRedisInstance.java:61)
	at redis.embedded.AbstractRedisInstance.start(AbstractRedisInstance.java:39)
	at redis.embedded.RedisServer.start(RedisServer.java:9)
	at worker.DatabaseAccess.LettuceTest.testsetEventTypeReceveingWorker(LettuceTest.java:378)
</error>
  </testcase>
  <testcase name="testremoveEventTypeReceveingWorker" classname="worker.DatabaseAccess.LettuceTest" time="0.029">
    <error message="Can&apos;t start redis server. Check logs for details." type="java.lang.RuntimeException">java.lang.RuntimeException: Can't start redis server. Check logs for details.
	at redis.embedded.AbstractRedisInstance.awaitRedisServerReady(AbstractRedisInstance.java:61)
	at redis.embedded.AbstractRedisInstance.start(AbstractRedisInstance.java:39)
	at redis.embedded.RedisServer.start(RedisServer.java:9)
	at worker.DatabaseAccess.LettuceTest.testremoveEventTypeReceveingWorker(LettuceTest.java:397)
</error>
  </testcase>
  <testcase name="testGetEventTypeName" classname="worker.DatabaseAccess.LettuceTest" time="0.04">
    <error message="Can&apos;t start redis server. Check logs for details." type="java.lang.RuntimeException">java.lang.RuntimeException: Can't start redis server. Check logs for details.
	at redis.embedded.AbstractRedisInstance.awaitRedisServerReady(AbstractRedisInstance.java:61)
	at redis.embedded.AbstractRedisInstance.start(AbstractRedisInstance.java:39)
	at redis.embedded.RedisServer.start(RedisServer.java:9)
	at worker.DatabaseAccess.LettuceTest.testGetEventTypeName(LettuceTest.java:18)
</error>
  </testcase>
  <testcase name="testGetEventTypeDefinition" classname="worker.DatabaseAccess.LettuceTest" time="0.042">
    <error message="Can&apos;t start redis server. Check logs for details." type="java.lang.RuntimeException">java.lang.RuntimeException: Can't start redis server. Check logs for details.
	at redis.embedded.AbstractRedisInstance.awaitRedisServerReady(AbstractRedisInstance.java:61)
	at redis.embedded.AbstractRedisInstance.start(AbstractRedisInstance.java:39)
	at redis.embedded.RedisServer.start(RedisServer.java:9)
	at worker.DatabaseAccess.LettuceTest.testGetEventTypeDefinition(LettuceTest.java:40)
</error>
  </testcase>
  <testcase name="testGetAvroSchema" classname="worker.DatabaseAccess.LettuceTest" time="0.04">
    <error message="Can&apos;t start redis server. Check logs for details." type="java.lang.RuntimeException">java.lang.RuntimeException: Can't start redis server. Check logs for details.
	at redis.embedded.AbstractRedisInstance.awaitRedisServerReady(AbstractRedisInstance.java:61)
	at redis.embedded.AbstractRedisInstance.start(AbstractRedisInstance.java:39)
	at redis.embedded.RedisServer.start(RedisServer.java:9)
	at worker.DatabaseAccess.LettuceTest.testGetAvroSchema(LettuceTest.java:61)
</error>
  </testcase>
  <testcase name="testSetAvroSchema" classname="worker.DatabaseAccess.LettuceTest" time="0.031">
    <error message="Can&apos;t start redis server. Check logs for details." type="java.lang.RuntimeException">java.lang.RuntimeException: Can't start redis server. Check logs for details.
	at redis.embedded.AbstractRedisInstance.awaitRedisServerReady(AbstractRedisInstance.java:61)
	at redis.embedded.AbstractRedisInstance.start(AbstractRedisInstance.java:39)
	at redis.embedded.RedisServer.start(RedisServer.java:9)
	at worker.DatabaseAccess.LettuceTest.testSetAvroSchema(LettuceTest.java:82)
</error>
  </testcase>
  <testcase name="testGetEventTypeCurrentWorker" classname="worker.DatabaseAccess.LettuceTest" time="0.032">
    <error message="Can&apos;t start redis server. Check logs for details." type="java.lang.RuntimeException">java.lang.RuntimeException: Can't start redis server. Check logs for details.
	at redis.embedded.AbstractRedisInstance.awaitRedisServerReady(AbstractRedisInstance.java:61)
	at redis.embedded.AbstractRedisInstance.start(AbstractRedisInstance.java:39)
	at redis.embedded.RedisServer.start(RedisServer.java:9)
	at worker.DatabaseAccess.LettuceTest.testGetEventTypeCurrentWorker(LettuceTest.java:97)
</error>
  </testcase>
  <testcase name="testSetEventTypeCurrentWorker" classname="worker.DatabaseAccess.LettuceTest" time="0.038">
    <error message="Can&apos;t start redis server. Check logs for details." type="java.lang.RuntimeException">java.lang.RuntimeException: Can't start redis server. Check logs for details.
	at redis.embedded.AbstractRedisInstance.awaitRedisServerReady(AbstractRedisInstance.java:61)
	at redis.embedded.AbstractRedisInstance.start(AbstractRedisInstance.java:39)
	at redis.embedded.RedisServer.start(RedisServer.java:9)
	at worker.DatabaseAccess.LettuceTest.testSetEventTypeCurrentWorker(LettuceTest.java:118)
</error>
  </testcase>
</testsuite>